[2019-09-26 13:42:04,595] WARN     1[main] - org.mobicents.protocols.sctp.netty.NettySctpManagementImpl.start(NettySctpManagementImpl.java:338) - Failed to load the SCTP configuration file. 
/root/sources/jss7/PAiC_Extended/extended_jss7_2.0/extended-jss7-refactor/map/load/server/Server_sctp.xml (No such file or directory)
[2019-09-26 13:42:04,802] WARN   208[main] - org.restcomm.protocols.ss7.sccp.impl.SccpStackImpl.start(SccpStackImpl.java:857) - Failed to load the Sccp Management configuration file. 
/root/sources/jss7/PAiC_Extended/extended_jss7_2.0/extended-jss7-refactor/map/load/server/MapLoadServerSccpStack_management2.xml (No such file or directory)
[2019-09-26 13:42:04,850] WARN   256[main] - org.restcomm.protocols.ss7.tcap.TCAPStackImpl.start(TCAPStackImpl.java:209) - Failed to load the TCAP Management configuration file. 
/root/sources/jss7/PAiC_Extended/extended_jss7_2.0/extended-jss7-refactor/map/load/server/TestServer_management.xml (No such file or directory)
[2019-09-26 13:42:05,014] WARN   420[main] - org.restcomm.protocols.ss7.sccp.impl.SccpProviderImpl.registerSccpListener(SccpProviderImpl.java:98) - Registering SccpListener=org.restcomm.protocols.ss7.tcap.TCAPProviderImpl@425959ed for already existing SccpListnere=org.restcomm.protocols.ss7.tcap.TCAPProviderImpl@425959ed for SSN=8
[2019-09-26 13:42:07,274] WARN  2680[Mtp3-DeliveryExecutorSystem-21-1] - org.restcomm.protocols.ss7.sccp.impl.SccpStackImpl.onMtp3ResumeMessage(SccpStackImpl.java:1193) - Rx : MTP-RESUME: AffectedDpc=1
[2019-09-26 13:42:29,891] WARN 25297[Sctp-WorkerGroup-Server-3-1] - org.restcomm.protocols.ss7.m3ua.impl.AspFactoryImpl.onCommunicationShutdown(AspFactoryImpl.java:864) - Communication channel shutdown for AspFactroy=RASP1 Association=serverAsscoiation
[2019-09-26 13:42:29,892] WARN 25298[Sctp-WorkerGroup-Server-3-1] - org.mobicents.protocols.sctp.netty.NettySctpServerHandler.channelUnregistered(NettySctpServerHandler.java:56) - ChannelUnregistered event: association=Association [name=serverAsscoiation, associationType=SERVER, ipChannelType=SCTP, hostAddress=null, hostPort=0, peerAddress=127.0.0.1, peerPort=8011, serverName=testserver, extraHostAddress=[]]
[2019-09-26 13:42:32,240] WARN 27646[Mtp3-DeliveryExecutorSystem-21-1] - org.restcomm.protocols.ss7.sccp.impl.SccpStackImpl.onMtp3PauseMessage(SccpStackImpl.java:1182) - Rx : MTP-PAUSE: AffectedDpc=1
[2019-09-26 13:42:32,240] WARN 27646[Mtp3-DeliveryExecutorSystem-21-1] - org.restcomm.protocols.ss7.tcap.TCAPProviderImpl.onNetworkIdState(TCAPProviderImpl.java:1303) - Outgoing congestion control: TCAP: onNetworkIdState: networkId=0, networkIdState=NetworkIdState=[affectedByPc=true, available=false, congLevel=0]
[2019-09-26 13:42:42,648] WARN 38054[Mtp3-DeliveryExecutorSystem-21-1] - org.restcomm.protocols.ss7.sccp.impl.SccpStackImpl.onMtp3ResumeMessage(SccpStackImpl.java:1193) - Rx : MTP-RESUME: AffectedDpc=1
[2019-09-26 13:42:42,648] WARN 38054[Mtp3-DeliveryExecutorSystem-21-1] - org.restcomm.protocols.ss7.tcap.TCAPProviderImpl.onNetworkIdState(TCAPProviderImpl.java:1303) - Outgoing congestion control: TCAP: onNetworkIdState: networkId=0, networkIdState=NetworkIdState=[affectedByPc=true, available=true, congLevel=0]
[2019-09-26 13:43:11,537] WARN 66943[Mtp3-DeliveryExecutor-0-5-1] - org.restcomm.protocols.ss7.map.load.Server.onDialogRelease(Server.java:396) - Completed 2000 Dialogs in=67075
[2019-09-26 13:43:31,536] WARN 86942[Mtp3-DeliveryExecutor-0-5-1] - org.restcomm.protocols.ss7.map.load.Server.onDialogRelease(Server.java:396) - Completed 2000 Dialogs in=19999
[2019-09-26 13:43:51,536] WARN106942[Mtp3-DeliveryExecutor-0-5-1] - org.restcomm.protocols.ss7.map.load.Server.onDialogRelease(Server.java:396) - Completed 2000 Dialogs in=20000
[2019-09-26 13:44:19,102] WARN134508[Sctp-WorkerGroup-Server-3-2] - org.restcomm.protocols.ss7.m3ua.impl.AspFactoryImpl.onCommunicationShutdown(AspFactoryImpl.java:864) - Communication channel shutdown for AspFactroy=RASP1 Association=serverAsscoiation
[2019-09-26 13:44:19,103] WARN134509[Sctp-WorkerGroup-Server-3-2] - org.mobicents.protocols.sctp.netty.NettySctpServerHandler.channelUnregistered(NettySctpServerHandler.java:56) - ChannelUnregistered event: association=Association [name=serverAsscoiation, associationType=SERVER, ipChannelType=SCTP, hostAddress=null, hostPort=0, peerAddress=127.0.0.1, peerPort=8011, serverName=testserver, extraHostAddress=[]]
[2019-09-26 13:44:21,239] WARN136645[Mtp3-DeliveryExecutorSystem-21-1] - org.restcomm.protocols.ss7.sccp.impl.SccpStackImpl.onMtp3PauseMessage(SccpStackImpl.java:1182) - Rx : MTP-PAUSE: AffectedDpc=1
[2019-09-26 13:44:21,240] WARN136646[Mtp3-DeliveryExecutorSystem-21-1] - org.restcomm.protocols.ss7.tcap.TCAPProviderImpl.onNetworkIdState(TCAPProviderImpl.java:1303) - Outgoing congestion control: TCAP: onNetworkIdState: networkId=0, networkIdState=NetworkIdState=[affectedByPc=true, available=false, congLevel=0]
